
> minimalistic_technology@0.1.0 build
> next build

   ▲ Next.js 15.5.6

   Creating an optimized production build ...
 ✓ Compiled successfully in 3.5s
   Linting and checking validity of types ...
   Collecting page data ...
   Generating static pages (0/8) ...
NEXT_PUBLIC_API_BASE_URL is not defined in environment variables.
   Generating static pages (2/8) 
   Generating static pages (4/8) 
   Generating static pages (6/8) 
 ✓ Generating static pages (8/8)
   Finalizing page optimization ...
   Collecting build traces ...

Route (app)                                 Size  First Load JS
┌ ○ /                                    10.3 kB         159 kB
├ ○ /_not-found                            992 B         103 kB
├ ○ /about                               3.18 kB         144 kB
├ ○ /services                            2.33 kB         146 kB
├ ○ /team                                7.43 kB         153 kB
└ ○ /templates                           7.16 kB         151 kB
+ First Load JS shared by all             102 kB
  ├ chunks/255-cf2e1d3491ac955b.js       45.7 kB
  ├ chunks/4bd1b696-c023c6e3521b1417.js  54.2 kB
  └ other shared chunks (total)          1.99 kB


○  (Static)  prerendered as static content


> minimalistic_technology@0.1.0 postbuild
> next-sitemap

✨ [next-sitemap] Loading next-sitemap config: file:///C:/Users/saada/OneDrive/Desktop/Internship/MT/Minimalistic_Technology/next-sitemap.config.js
✅ [next-sitemap] Generation completed
┌───────────────┬────────┐
│ (index)       │ Values │
├───────────────┼────────┤
│ indexSitemaps │ 1      │
│ sitemaps      │ 1      │
└───────────────┴────────┘
-----------------------------------------------------
 SITEMAP INDICES 
-----------------------------------------------------

   ○ https://www.minimalistictechnology.com/sitemap.xml


-----------------------------------------------------
 SITEMAPS 
-----------------------------------------------------

   ○ https://www.minimalistictechnology.com/sitemap-0.xml


